<?xml version="1.0" encoding="UTF-8"?>
<testsuite xmlns:xsi="http://www.w3.org/2001/XMLSchema-instance" xsi:noNamespaceSchemaLocation="https://maven.apache.org/surefire/maven-surefire-plugin/xsd/surefire-test-report-3.0.xsd" version="3.0" name="TestSuite" time="7.636" tests="3" errors="0" skipped="2" failures="1">
  <properties>
    <property name="java.specification.version" value="18"/>
    <property name="sun.jnu.encoding" value="UTF-8"/>
    <property name="java.class.path" value="/Users/mehrdadfhassani/eclipse-workspace/AppiumFrameworkDesign/target/test-classes:/Users/mehrdadfhassani/eclipse-workspace/AppiumFrameworkDesign/target/classes:/Users/mehrdadfhassani/.m2/repository/io/appium/java-client/8.5.0/java-client-8.5.0.jar:/Users/mehrdadfhassani/.m2/repository/com/google/code/gson/gson/2.10.1/gson-2.10.1.jar:/Users/mehrdadfhassani/.m2/repository/cglib/cglib/3.3.0/cglib-3.3.0.jar:/Users/mehrdadfhassani/.m2/repository/org/ow2/asm/asm/7.1/asm-7.1.jar:/Users/mehrdadfhassani/.m2/repository/commons-validator/commons-validator/1.7/commons-validator-1.7.jar:/Users/mehrdadfhassani/.m2/repository/commons-beanutils/commons-beanutils/1.9.4/commons-beanutils-1.9.4.jar:/Users/mehrdadfhassani/.m2/repository/commons-digester/commons-digester/2.1/commons-digester-2.1.jar:/Users/mehrdadfhassani/.m2/repository/commons-logging/commons-logging/1.2/commons-logging-1.2.jar:/Users/mehrdadfhassani/.m2/repository/commons-collections/commons-collections/3.2.2/commons-collections-3.2.2.jar:/Users/mehrdadfhassani/.m2/repository/org/apache/commons/commons-lang3/3.12.0/commons-lang3-3.12.0.jar:/Users/mehrdadfhassani/.m2/repository/org/slf4j/slf4j-api/2.0.7/slf4j-api-2.0.7.jar:/Users/mehrdadfhassani/.m2/repository/org/testng/testng/7.7.1/testng-7.7.1.jar:/Users/mehrdadfhassani/.m2/repository/com/beust/jcommander/1.82/jcommander-1.82.jar:/Users/mehrdadfhassani/.m2/repository/org/webjars/jquery/3.6.1/jquery-3.6.1.jar:/Users/mehrdadfhassani/.m2/repository/com/aventstack/extentreports/5.0.9/extentreports-5.0.9.jar:/Users/mehrdadfhassani/.m2/repository/io/reactivex/rxjava3/rxjava/3.0.4/rxjava-3.0.4.jar:/Users/mehrdadfhassani/.m2/repository/org/reactivestreams/reactive-streams/1.0.3/reactive-streams-1.0.3.jar:/Users/mehrdadfhassani/.m2/repository/org/freemarker/freemarker/2.3.30/freemarker-2.3.30.jar:/Users/mehrdadfhassani/.m2/repository/org/projectlombok/lombok/1.18.12/lombok-1.18.12.jar:/Users/mehrdadfhassani/.m2/repository/org/slf4j/log4j-over-slf4j/2.0.7/log4j-over-slf4j-2.0.7.jar:/Users/mehrdadfhassani/.m2/repository/org/seleniumhq/selenium/selenium-support/4.9.1/selenium-support-4.9.1.jar:/Users/mehrdadfhassani/.m2/repository/com/google/auto/service/auto-service-annotations/1.0.1/auto-service-annotations-1.0.1.jar:/Users/mehrdadfhassani/.m2/repository/com/google/auto/service/auto-service/1.0.1/auto-service-1.0.1.jar:/Users/mehrdadfhassani/.m2/repository/com/google/auto/auto-common/1.2/auto-common-1.2.jar:/Users/mehrdadfhassani/.m2/repository/com/google/guava/guava/31.1-jre/guava-31.1-jre.jar:/Users/mehrdadfhassani/.m2/repository/com/google/guava/failureaccess/1.0.1/failureaccess-1.0.1.jar:/Users/mehrdadfhassani/.m2/repository/com/google/guava/listenablefuture/9999.0-empty-to-avoid-conflict-with-guava/listenablefuture-9999.0-empty-to-avoid-conflict-with-guava.jar:/Users/mehrdadfhassani/.m2/repository/com/google/code/findbugs/jsr305/3.0.2/jsr305-3.0.2.jar:/Users/mehrdadfhassani/.m2/repository/org/checkerframework/checker-qual/3.12.0/checker-qual-3.12.0.jar:/Users/mehrdadfhassani/.m2/repository/com/google/errorprone/error_prone_annotations/2.11.0/error_prone_annotations-2.11.0.jar:/Users/mehrdadfhassani/.m2/repository/com/google/j2objc/j2objc-annotations/1.3/j2objc-annotations-1.3.jar:/Users/mehrdadfhassani/.m2/repository/net/bytebuddy/byte-buddy/1.14.4/byte-buddy-1.14.4.jar:/Users/mehrdadfhassani/.m2/repository/org/seleniumhq/selenium/selenium-json/4.9.1/selenium-json-4.9.1.jar:/Users/mehrdadfhassani/.m2/repository/org/seleniumhq/selenium/selenium-api/4.7.0/selenium-api-4.7.0.jar:/Users/mehrdadfhassani/.m2/repository/org/seleniumhq/selenium/selenium-remote-driver/4.7.0/selenium-remote-driver-4.7.0.jar:/Users/mehrdadfhassani/.m2/repository/io/netty/netty-buffer/4.1.84.Final/netty-buffer-4.1.84.Final.jar:/Users/mehrdadfhassani/.m2/repository/io/netty/netty-codec-http/4.1.84.Final/netty-codec-http-4.1.84.Final.jar:/Users/mehrdadfhassani/.m2/repository/io/netty/netty-codec/4.1.84.Final/netty-codec-4.1.84.Final.jar:/Users/mehrdadfhassani/.m2/repository/io/netty/netty-handler/4.1.84.Final/netty-handler-4.1.84.Final.jar:/Users/mehrdadfhassani/.m2/repository/io/netty/netty-common/4.1.84.Final/netty-common-4.1.84.Final.jar:/Users/mehrdadfhassani/.m2/repository/io/netty/netty-transport-classes-epoll/4.1.84.Final/netty-transport-classes-epoll-4.1.84.Final.jar:/Users/mehrdadfhassani/.m2/repository/io/netty/netty-transport-classes-kqueue/4.1.84.Final/netty-transport-classes-kqueue-4.1.84.Final.jar:/Users/mehrdadfhassani/.m2/repository/io/netty/netty-transport-native-epoll/4.1.84.Final/netty-transport-native-epoll-4.1.84.Final.jar:/Users/mehrdadfhassani/.m2/repository/io/netty/netty-transport-native-kqueue/4.1.84.Final/netty-transport-native-kqueue-4.1.84.Final.jar:/Users/mehrdadfhassani/.m2/repository/io/netty/netty-transport-native-unix-common/4.1.84.Final/netty-transport-native-unix-common-4.1.84.Final.jar:/Users/mehrdadfhassani/.m2/repository/io/netty/netty-transport/4.1.84.Final/netty-transport-4.1.84.Final.jar:/Users/mehrdadfhassani/.m2/repository/io/netty/netty-resolver/4.1.84.Final/netty-resolver-4.1.84.Final.jar:/Users/mehrdadfhassani/.m2/repository/io/opentelemetry/opentelemetry-api/1.19.0/opentelemetry-api-1.19.0.jar:/Users/mehrdadfhassani/.m2/repository/io/opentelemetry/opentelemetry-context/1.19.0/opentelemetry-context-1.19.0.jar:/Users/mehrdadfhassani/.m2/repository/io/opentelemetry/opentelemetry-exporter-logging/1.19.0/opentelemetry-exporter-logging-1.19.0.jar:/Users/mehrdadfhassani/.m2/repository/io/opentelemetry/opentelemetry-sdk-metrics/1.19.0/opentelemetry-sdk-metrics-1.19.0.jar:/Users/mehrdadfhassani/.m2/repository/io/opentelemetry/opentelemetry-sdk-logs/1.19.0-alpha/opentelemetry-sdk-logs-1.19.0-alpha.jar:/Users/mehrdadfhassani/.m2/repository/io/opentelemetry/opentelemetry-api-logs/1.19.0-alpha/opentelemetry-api-logs-1.19.0-alpha.jar:/Users/mehrdadfhassani/.m2/repository/io/opentelemetry/opentelemetry-sdk-common/1.19.0/opentelemetry-sdk-common-1.19.0.jar:/Users/mehrdadfhassani/.m2/repository/io/opentelemetry/opentelemetry-sdk-extension-autoconfigure-spi/1.19.0/opentelemetry-sdk-extension-autoconfigure-spi-1.19.0.jar:/Users/mehrdadfhassani/.m2/repository/io/opentelemetry/opentelemetry-sdk-extension-autoconfigure/1.19.0-alpha/opentelemetry-sdk-extension-autoconfigure-1.19.0-alpha.jar:/Users/mehrdadfhassani/.m2/repository/io/opentelemetry/opentelemetry-exporter-common/1.19.0/opentelemetry-exporter-common-1.19.0.jar:/Users/mehrdadfhassani/.m2/repository/io/opentelemetry/opentelemetry-sdk-trace/1.19.0/opentelemetry-sdk-trace-1.19.0.jar:/Users/mehrdadfhassani/.m2/repository/io/opentelemetry/opentelemetry-sdk/1.19.0/opentelemetry-sdk-1.19.0.jar:/Users/mehrdadfhassani/.m2/repository/io/opentelemetry/opentelemetry-semconv/1.19.0-alpha/opentelemetry-semconv-1.19.0-alpha.jar:/Users/mehrdadfhassani/.m2/repository/io/ous/jtoml/2.0.0/jtoml-2.0.0.jar:/Users/mehrdadfhassani/.m2/repository/org/apache/commons/commons-exec/1.3/commons-exec-1.3.jar:/Users/mehrdadfhassani/.m2/repository/org/asynchttpclient/async-http-client/2.12.3/async-http-client-2.12.3.jar:/Users/mehrdadfhassani/.m2/repository/org/asynchttpclient/async-http-client-netty-utils/2.12.3/async-http-client-netty-utils-2.12.3.jar:/Users/mehrdadfhassani/.m2/repository/io/netty/netty-codec-socks/4.1.60.Final/netty-codec-socks-4.1.60.Final.jar:/Users/mehrdadfhassani/.m2/repository/io/netty/netty-handler-proxy/4.1.60.Final/netty-handler-proxy-4.1.60.Final.jar:/Users/mehrdadfhassani/.m2/repository/io/netty/netty-transport-native-epoll/4.1.60.Final/netty-transport-native-epoll-4.1.60.Final-linux-x86_64.jar:/Users/mehrdadfhassani/.m2/repository/io/netty/netty-transport-native-kqueue/4.1.60.Final/netty-transport-native-kqueue-4.1.60.Final-osx-x86_64.jar:/Users/mehrdadfhassani/.m2/repository/com/typesafe/netty/netty-reactive-streams/2.0.4/netty-reactive-streams-2.0.4.jar:/Users/mehrdadfhassani/.m2/repository/com/sun/activation/jakarta.activation/1.2.2/jakarta.activation-1.2.2.jar:/Users/mehrdadfhassani/.m2/repository/org/seleniumhq/selenium/selenium-http/4.7.0/selenium-http-4.7.0.jar:/Users/mehrdadfhassani/.m2/repository/dev/failsafe/failsafe/3.3.0/failsafe-3.3.0.jar:/Users/mehrdadfhassani/.m2/repository/org/seleniumhq/selenium/selenium-manager/4.7.0/selenium-manager-4.7.0.jar:/Users/mehrdadfhassani/.m2/repository/org/seleniumhq/selenium/selenium-java/4.7.0/selenium-java-4.7.0.jar:/Users/mehrdadfhassani/.m2/repository/org/seleniumhq/selenium/selenium-chrome-driver/4.7.0/selenium-chrome-driver-4.7.0.jar:/Users/mehrdadfhassani/.m2/repository/org/seleniumhq/selenium/selenium-chromium-driver/4.7.0/selenium-chromium-driver-4.7.0.jar:/Users/mehrdadfhassani/.m2/repository/org/seleniumhq/selenium/selenium-devtools-v106/4.7.0/selenium-devtools-v106-4.7.0.jar:/Users/mehrdadfhassani/.m2/repository/org/seleniumhq/selenium/selenium-devtools-v107/4.7.0/selenium-devtools-v107-4.7.0.jar:/Users/mehrdadfhassani/.m2/repository/org/seleniumhq/selenium/selenium-devtools-v108/4.7.0/selenium-devtools-v108-4.7.0.jar:/Users/mehrdadfhassani/.m2/repository/org/seleniumhq/selenium/selenium-devtools-v85/4.7.0/selenium-devtools-v85-4.7.0.jar:/Users/mehrdadfhassani/.m2/repository/org/seleniumhq/selenium/selenium-edge-driver/4.7.0/selenium-edge-driver-4.7.0.jar:/Users/mehrdadfhassani/.m2/repository/org/seleniumhq/selenium/selenium-firefox-driver/4.7.0/selenium-firefox-driver-4.7.0.jar:/Users/mehrdadfhassani/.m2/repository/org/seleniumhq/selenium/selenium-ie-driver/4.7.0/selenium-ie-driver-4.7.0.jar:/Users/mehrdadfhassani/.m2/repository/org/seleniumhq/selenium/selenium-safari-driver/4.7.0/selenium-safari-driver-4.7.0.jar:/Users/mehrdadfhassani/.m2/repository/commons-io/commons-io/2.11.0/commons-io-2.11.0.jar:/Users/mehrdadfhassani/.m2/repository/com/fasterxml/jackson/core/jackson-databind/2.15.0/jackson-databind-2.15.0.jar:/Users/mehrdadfhassani/.m2/repository/com/fasterxml/jackson/core/jackson-annotations/2.15.0/jackson-annotations-2.15.0.jar:/Users/mehrdadfhassani/.m2/repository/com/fasterxml/jackson/core/jackson-core/2.15.0/jackson-core-2.15.0.jar:"/>
    <property name="java.vm.vendor" value="Oracle Corporation"/>
    <property name="sun.arch.data.model" value="64"/>
    <property name="java.vendor.url" value="https://java.oracle.com/"/>
    <property name="user.timezone" value="America/Los_Angeles"/>
    <property name="os.name" value="Mac OS X"/>
    <property name="java.vm.specification.version" value="18"/>
    <property name="sun.java.launcher" value="SUN_STANDARD"/>
    <property name="user.country" value="US"/>
    <property name="sun.boot.library.path" value="/Library/Java/JavaVirtualMachines/jdk-18.0.2.jdk/Contents/Home/lib"/>
    <property name="sun.java.command" value="/Users/mehrdadfhassani/eclipse-workspace/AppiumFrameworkDesign/target/surefire/surefirebooter-20230531152141379_3.jar /Users/mehrdadfhassani/eclipse-workspace/AppiumFrameworkDesign/target/surefire 2023-05-31T15-21-41_300-jvmRun1 surefire-20230531152141379_1tmp surefire_0-20230531152141379_2tmp"/>
    <property name="http.nonProxyHosts" value="local|*.local|169.254/16|*.169.254/16"/>
    <property name="jdk.debug" value="release"/>
    <property name="surefire.test.class.path" value="/Users/mehrdadfhassani/eclipse-workspace/AppiumFrameworkDesign/target/test-classes:/Users/mehrdadfhassani/eclipse-workspace/AppiumFrameworkDesign/target/classes:/Users/mehrdadfhassani/.m2/repository/io/appium/java-client/8.5.0/java-client-8.5.0.jar:/Users/mehrdadfhassani/.m2/repository/com/google/code/gson/gson/2.10.1/gson-2.10.1.jar:/Users/mehrdadfhassani/.m2/repository/cglib/cglib/3.3.0/cglib-3.3.0.jar:/Users/mehrdadfhassani/.m2/repository/org/ow2/asm/asm/7.1/asm-7.1.jar:/Users/mehrdadfhassani/.m2/repository/commons-validator/commons-validator/1.7/commons-validator-1.7.jar:/Users/mehrdadfhassani/.m2/repository/commons-beanutils/commons-beanutils/1.9.4/commons-beanutils-1.9.4.jar:/Users/mehrdadfhassani/.m2/repository/commons-digester/commons-digester/2.1/commons-digester-2.1.jar:/Users/mehrdadfhassani/.m2/repository/commons-logging/commons-logging/1.2/commons-logging-1.2.jar:/Users/mehrdadfhassani/.m2/repository/commons-collections/commons-collections/3.2.2/commons-collections-3.2.2.jar:/Users/mehrdadfhassani/.m2/repository/org/apache/commons/commons-lang3/3.12.0/commons-lang3-3.12.0.jar:/Users/mehrdadfhassani/.m2/repository/org/slf4j/slf4j-api/2.0.7/slf4j-api-2.0.7.jar:/Users/mehrdadfhassani/.m2/repository/org/testng/testng/7.7.1/testng-7.7.1.jar:/Users/mehrdadfhassani/.m2/repository/com/beust/jcommander/1.82/jcommander-1.82.jar:/Users/mehrdadfhassani/.m2/repository/org/webjars/jquery/3.6.1/jquery-3.6.1.jar:/Users/mehrdadfhassani/.m2/repository/com/aventstack/extentreports/5.0.9/extentreports-5.0.9.jar:/Users/mehrdadfhassani/.m2/repository/io/reactivex/rxjava3/rxjava/3.0.4/rxjava-3.0.4.jar:/Users/mehrdadfhassani/.m2/repository/org/reactivestreams/reactive-streams/1.0.3/reactive-streams-1.0.3.jar:/Users/mehrdadfhassani/.m2/repository/org/freemarker/freemarker/2.3.30/freemarker-2.3.30.jar:/Users/mehrdadfhassani/.m2/repository/org/projectlombok/lombok/1.18.12/lombok-1.18.12.jar:/Users/mehrdadfhassani/.m2/repository/org/slf4j/log4j-over-slf4j/2.0.7/log4j-over-slf4j-2.0.7.jar:/Users/mehrdadfhassani/.m2/repository/org/seleniumhq/selenium/selenium-support/4.9.1/selenium-support-4.9.1.jar:/Users/mehrdadfhassani/.m2/repository/com/google/auto/service/auto-service-annotations/1.0.1/auto-service-annotations-1.0.1.jar:/Users/mehrdadfhassani/.m2/repository/com/google/auto/service/auto-service/1.0.1/auto-service-1.0.1.jar:/Users/mehrdadfhassani/.m2/repository/com/google/auto/auto-common/1.2/auto-common-1.2.jar:/Users/mehrdadfhassani/.m2/repository/com/google/guava/guava/31.1-jre/guava-31.1-jre.jar:/Users/mehrdadfhassani/.m2/repository/com/google/guava/failureaccess/1.0.1/failureaccess-1.0.1.jar:/Users/mehrdadfhassani/.m2/repository/com/google/guava/listenablefuture/9999.0-empty-to-avoid-conflict-with-guava/listenablefuture-9999.0-empty-to-avoid-conflict-with-guava.jar:/Users/mehrdadfhassani/.m2/repository/com/google/code/findbugs/jsr305/3.0.2/jsr305-3.0.2.jar:/Users/mehrdadfhassani/.m2/repository/org/checkerframework/checker-qual/3.12.0/checker-qual-3.12.0.jar:/Users/mehrdadfhassani/.m2/repository/com/google/errorprone/error_prone_annotations/2.11.0/error_prone_annotations-2.11.0.jar:/Users/mehrdadfhassani/.m2/repository/com/google/j2objc/j2objc-annotations/1.3/j2objc-annotations-1.3.jar:/Users/mehrdadfhassani/.m2/repository/net/bytebuddy/byte-buddy/1.14.4/byte-buddy-1.14.4.jar:/Users/mehrdadfhassani/.m2/repository/org/seleniumhq/selenium/selenium-json/4.9.1/selenium-json-4.9.1.jar:/Users/mehrdadfhassani/.m2/repository/org/seleniumhq/selenium/selenium-api/4.7.0/selenium-api-4.7.0.jar:/Users/mehrdadfhassani/.m2/repository/org/seleniumhq/selenium/selenium-remote-driver/4.7.0/selenium-remote-driver-4.7.0.jar:/Users/mehrdadfhassani/.m2/repository/io/netty/netty-buffer/4.1.84.Final/netty-buffer-4.1.84.Final.jar:/Users/mehrdadfhassani/.m2/repository/io/netty/netty-codec-http/4.1.84.Final/netty-codec-http-4.1.84.Final.jar:/Users/mehrdadfhassani/.m2/repository/io/netty/netty-codec/4.1.84.Final/netty-codec-4.1.84.Final.jar:/Users/mehrdadfhassani/.m2/repository/io/netty/netty-handler/4.1.84.Final/netty-handler-4.1.84.Final.jar:/Users/mehrdadfhassani/.m2/repository/io/netty/netty-common/4.1.84.Final/netty-common-4.1.84.Final.jar:/Users/mehrdadfhassani/.m2/repository/io/netty/netty-transport-classes-epoll/4.1.84.Final/netty-transport-classes-epoll-4.1.84.Final.jar:/Users/mehrdadfhassani/.m2/repository/io/netty/netty-transport-classes-kqueue/4.1.84.Final/netty-transport-classes-kqueue-4.1.84.Final.jar:/Users/mehrdadfhassani/.m2/repository/io/netty/netty-transport-native-epoll/4.1.84.Final/netty-transport-native-epoll-4.1.84.Final.jar:/Users/mehrdadfhassani/.m2/repository/io/netty/netty-transport-native-kqueue/4.1.84.Final/netty-transport-native-kqueue-4.1.84.Final.jar:/Users/mehrdadfhassani/.m2/repository/io/netty/netty-transport-native-unix-common/4.1.84.Final/netty-transport-native-unix-common-4.1.84.Final.jar:/Users/mehrdadfhassani/.m2/repository/io/netty/netty-transport/4.1.84.Final/netty-transport-4.1.84.Final.jar:/Users/mehrdadfhassani/.m2/repository/io/netty/netty-resolver/4.1.84.Final/netty-resolver-4.1.84.Final.jar:/Users/mehrdadfhassani/.m2/repository/io/opentelemetry/opentelemetry-api/1.19.0/opentelemetry-api-1.19.0.jar:/Users/mehrdadfhassani/.m2/repository/io/opentelemetry/opentelemetry-context/1.19.0/opentelemetry-context-1.19.0.jar:/Users/mehrdadfhassani/.m2/repository/io/opentelemetry/opentelemetry-exporter-logging/1.19.0/opentelemetry-exporter-logging-1.19.0.jar:/Users/mehrdadfhassani/.m2/repository/io/opentelemetry/opentelemetry-sdk-metrics/1.19.0/opentelemetry-sdk-metrics-1.19.0.jar:/Users/mehrdadfhassani/.m2/repository/io/opentelemetry/opentelemetry-sdk-logs/1.19.0-alpha/opentelemetry-sdk-logs-1.19.0-alpha.jar:/Users/mehrdadfhassani/.m2/repository/io/opentelemetry/opentelemetry-api-logs/1.19.0-alpha/opentelemetry-api-logs-1.19.0-alpha.jar:/Users/mehrdadfhassani/.m2/repository/io/opentelemetry/opentelemetry-sdk-common/1.19.0/opentelemetry-sdk-common-1.19.0.jar:/Users/mehrdadfhassani/.m2/repository/io/opentelemetry/opentelemetry-sdk-extension-autoconfigure-spi/1.19.0/opentelemetry-sdk-extension-autoconfigure-spi-1.19.0.jar:/Users/mehrdadfhassani/.m2/repository/io/opentelemetry/opentelemetry-sdk-extension-autoconfigure/1.19.0-alpha/opentelemetry-sdk-extension-autoconfigure-1.19.0-alpha.jar:/Users/mehrdadfhassani/.m2/repository/io/opentelemetry/opentelemetry-exporter-common/1.19.0/opentelemetry-exporter-common-1.19.0.jar:/Users/mehrdadfhassani/.m2/repository/io/opentelemetry/opentelemetry-sdk-trace/1.19.0/opentelemetry-sdk-trace-1.19.0.jar:/Users/mehrdadfhassani/.m2/repository/io/opentelemetry/opentelemetry-sdk/1.19.0/opentelemetry-sdk-1.19.0.jar:/Users/mehrdadfhassani/.m2/repository/io/opentelemetry/opentelemetry-semconv/1.19.0-alpha/opentelemetry-semconv-1.19.0-alpha.jar:/Users/mehrdadfhassani/.m2/repository/io/ous/jtoml/2.0.0/jtoml-2.0.0.jar:/Users/mehrdadfhassani/.m2/repository/org/apache/commons/commons-exec/1.3/commons-exec-1.3.jar:/Users/mehrdadfhassani/.m2/repository/org/asynchttpclient/async-http-client/2.12.3/async-http-client-2.12.3.jar:/Users/mehrdadfhassani/.m2/repository/org/asynchttpclient/async-http-client-netty-utils/2.12.3/async-http-client-netty-utils-2.12.3.jar:/Users/mehrdadfhassani/.m2/repository/io/netty/netty-codec-socks/4.1.60.Final/netty-codec-socks-4.1.60.Final.jar:/Users/mehrdadfhassani/.m2/repository/io/netty/netty-handler-proxy/4.1.60.Final/netty-handler-proxy-4.1.60.Final.jar:/Users/mehrdadfhassani/.m2/repository/io/netty/netty-transport-native-epoll/4.1.60.Final/netty-transport-native-epoll-4.1.60.Final-linux-x86_64.jar:/Users/mehrdadfhassani/.m2/repository/io/netty/netty-transport-native-kqueue/4.1.60.Final/netty-transport-native-kqueue-4.1.60.Final-osx-x86_64.jar:/Users/mehrdadfhassani/.m2/repository/com/typesafe/netty/netty-reactive-streams/2.0.4/netty-reactive-streams-2.0.4.jar:/Users/mehrdadfhassani/.m2/repository/com/sun/activation/jakarta.activation/1.2.2/jakarta.activation-1.2.2.jar:/Users/mehrdadfhassani/.m2/repository/org/seleniumhq/selenium/selenium-http/4.7.0/selenium-http-4.7.0.jar:/Users/mehrdadfhassani/.m2/repository/dev/failsafe/failsafe/3.3.0/failsafe-3.3.0.jar:/Users/mehrdadfhassani/.m2/repository/org/seleniumhq/selenium/selenium-manager/4.7.0/selenium-manager-4.7.0.jar:/Users/mehrdadfhassani/.m2/repository/org/seleniumhq/selenium/selenium-java/4.7.0/selenium-java-4.7.0.jar:/Users/mehrdadfhassani/.m2/repository/org/seleniumhq/selenium/selenium-chrome-driver/4.7.0/selenium-chrome-driver-4.7.0.jar:/Users/mehrdadfhassani/.m2/repository/org/seleniumhq/selenium/selenium-chromium-driver/4.7.0/selenium-chromium-driver-4.7.0.jar:/Users/mehrdadfhassani/.m2/repository/org/seleniumhq/selenium/selenium-devtools-v106/4.7.0/selenium-devtools-v106-4.7.0.jar:/Users/mehrdadfhassani/.m2/repository/org/seleniumhq/selenium/selenium-devtools-v107/4.7.0/selenium-devtools-v107-4.7.0.jar:/Users/mehrdadfhassani/.m2/repository/org/seleniumhq/selenium/selenium-devtools-v108/4.7.0/selenium-devtools-v108-4.7.0.jar:/Users/mehrdadfhassani/.m2/repository/org/seleniumhq/selenium/selenium-devtools-v85/4.7.0/selenium-devtools-v85-4.7.0.jar:/Users/mehrdadfhassani/.m2/repository/org/seleniumhq/selenium/selenium-edge-driver/4.7.0/selenium-edge-driver-4.7.0.jar:/Users/mehrdadfhassani/.m2/repository/org/seleniumhq/selenium/selenium-firefox-driver/4.7.0/selenium-firefox-driver-4.7.0.jar:/Users/mehrdadfhassani/.m2/repository/org/seleniumhq/selenium/selenium-ie-driver/4.7.0/selenium-ie-driver-4.7.0.jar:/Users/mehrdadfhassani/.m2/repository/org/seleniumhq/selenium/selenium-safari-driver/4.7.0/selenium-safari-driver-4.7.0.jar:/Users/mehrdadfhassani/.m2/repository/commons-io/commons-io/2.11.0/commons-io-2.11.0.jar:/Users/mehrdadfhassani/.m2/repository/com/fasterxml/jackson/core/jackson-databind/2.15.0/jackson-databind-2.15.0.jar:/Users/mehrdadfhassani/.m2/repository/com/fasterxml/jackson/core/jackson-annotations/2.15.0/jackson-annotations-2.15.0.jar:/Users/mehrdadfhassani/.m2/repository/com/fasterxml/jackson/core/jackson-core/2.15.0/jackson-core-2.15.0.jar:"/>
    <property name="sun.cpu.endian" value="little"/>
    <property name="user.home" value="/Users/mehrdadfhassani"/>
    <property name="user.language" value="en"/>
    <property name="java.specification.vendor" value="Oracle Corporation"/>
    <property name="java.version.date" value="2022-07-19"/>
    <property name="java.home" value="/Library/Java/JavaVirtualMachines/jdk-18.0.2.jdk/Contents/Home"/>
    <property name="file.separator" value="/"/>
    <property name="basedir" value="/Users/mehrdadfhassani/eclipse-workspace/AppiumFrameworkDesign"/>
    <property name="java.vm.compressedOopsMode" value="Zero based"/>
    <property name="line.separator" value="&#10;"/>
    <property name="java.vm.specification.vendor" value="Oracle Corporation"/>
    <property name="java.specification.name" value="Java Platform API Specification"/>
    <property name="apple.awt.application.name" value="ForkedBooter"/>
    <property name="surefire.real.class.path" value="/Users/mehrdadfhassani/eclipse-workspace/AppiumFrameworkDesign/target/surefire/surefirebooter-20230531152141379_3.jar"/>
    <property name="sun.management.compiler" value="HotSpot 64-Bit Tiered Compilers"/>
    <property name="ftp.nonProxyHosts" value="local|*.local|169.254/16|*.169.254/16"/>
    <property name="java.runtime.version" value="18.0.2+9-61"/>
    <property name="user.name" value="mehrdadfhassani"/>
    <property name="path.separator" value=":"/>
    <property name="os.version" value="13.4"/>
    <property name="java.runtime.name" value="Java(TM) SE Runtime Environment"/>
    <property name="file.encoding" value="UTF-8"/>
    <property name="java.vm.name" value="Java HotSpot(TM) 64-Bit Server VM"/>
    <property name="localRepository" value="/Users/mehrdadfhassani/.m2/repository"/>
    <property name="java.vendor.url.bug" value="https://bugreport.java.com/bugreport/"/>
    <property name="java.io.tmpdir" value="/var/folders/6m/584pk9ds5tx0l9hnf1b5m3880000gn/T/"/>
    <property name="java.version" value="18.0.2"/>
    <property name="user.dir" value="/Users/mehrdadfhassani/eclipse-workspace/AppiumFrameworkDesign"/>
    <property name="os.arch" value="x86_64"/>
    <property name="java.vm.specification.name" value="Java Virtual Machine Specification"/>
    <property name="native.encoding" value="UTF-8"/>
    <property name="java.library.path" value="/Users/mehrdadfhassani/Library/Java/Extensions:/Library/Java/Extensions:/Network/Library/Java/Extensions:/System/Library/Java/Extensions:/usr/lib/java:."/>
    <property name="java.vm.info" value="mixed mode, sharing"/>
    <property name="java.vendor" value="Oracle Corporation"/>
    <property name="java.vm.version" value="18.0.2+9-61"/>
    <property name="sun.io.unicode.encoding" value="UnicodeBig"/>
    <property name="socksNonProxyHosts" value="local|*.local|169.254/16|*.169.254/16"/>
    <property name="java.class.version" value="62.0"/>
  </properties>
  <testcase name="ConfigureAppium" classname="org.mehrdad.eCommerce_tc_4_Hybrid" time="6.632">
    <failure type="java.lang.ExceptionInInitializerError"><![CDATA[java.lang.ExceptionInInitializerError
	at io.appium.java_client.pagefactory.utils.ProxyFactory.getEnhancedProxy(ProxyFactory.java:53)
	at io.appium.java_client.pagefactory.utils.ProxyFactory.getEnhancedProxy(ProxyFactory.java:33)
	at io.appium.java_client.pagefactory.AppiumFieldDecorator.proxyForAnElement(AppiumFieldDecorator.java:208)
	at io.appium.java_client.pagefactory.AppiumFieldDecorator.access$000(AppiumFieldDecorator.java:60)
	at io.appium.java_client.pagefactory.AppiumFieldDecorator$1.proxyForLocator(AppiumFieldDecorator.java:99)
	at org.openqa.selenium.support.pagefactory.DefaultFieldDecorator.decorate(DefaultFieldDecorator.java:63)
	at io.appium.java_client.pagefactory.AppiumFieldDecorator.decorate(AppiumFieldDecorator.java:146)
	at org.openqa.selenium.support.PageFactory.proxyFields(PageFactory.java:111)
	at org.openqa.selenium.support.PageFactory.initElements(PageFactory.java:103)
	at org.mehrdad.pageObjects.android.FormPage.<init>(FormPage.java:23)
	at org.mehrdad.TestUtils.AndroidBaseTest.ConfigureAppium(AndroidBaseTest.java:57)
	at java.base/jdk.internal.reflect.DirectMethodHandleAccessor.invoke(DirectMethodHandleAccessor.java:104)
	at java.base/java.lang.reflect.Method.invoke(Method.java:577)
	at org.testng.internal.invokers.MethodInvocationHelper.invokeMethod(MethodInvocationHelper.java:139)
	at org.testng.internal.invokers.MethodInvocationHelper.invokeMethodConsideringTimeout(MethodInvocationHelper.java:69)
	at org.testng.internal.invokers.ConfigInvoker.invokeConfigurationMethod(ConfigInvoker.java:361)
	at org.testng.internal.invokers.ConfigInvoker.invokeConfigurations(ConfigInvoker.java:296)
	at org.testng.internal.invokers.TestMethodWorker.invokeBeforeClassMethods(TestMethodWorker.java:180)
	at org.testng.internal.invokers.TestMethodWorker.run(TestMethodWorker.java:122)
	at java.base/java.util.ArrayList.forEach(ArrayList.java:1511)
	at org.testng.TestRunner.privateRun(TestRunner.java:829)
	at org.testng.TestRunner.run(TestRunner.java:602)
	at org.testng.SuiteRunner.runTest(SuiteRunner.java:437)
	at org.testng.SuiteRunner.runSequentially(SuiteRunner.java:431)
	at org.testng.SuiteRunner.privateRun(SuiteRunner.java:391)
	at org.testng.SuiteRunner.run(SuiteRunner.java:330)
	at org.testng.SuiteRunnerWorker.runSuite(SuiteRunnerWorker.java:52)
	at org.testng.SuiteRunnerWorker.run(SuiteRunnerWorker.java:95)
	at org.testng.TestNG.runSuitesSequentially(TestNG.java:1256)
	at org.testng.TestNG.runSuitesLocally(TestNG.java:1176)
	at org.testng.TestNG.runSuites(TestNG.java:1099)
	at org.testng.TestNG.run(TestNG.java:1067)
	at org.apache.maven.surefire.testng.TestNGExecutor.run(TestNGExecutor.java:308)
	at org.apache.maven.surefire.testng.TestNGXmlTestSuite.execute(TestNGXmlTestSuite.java:71)
	at org.apache.maven.surefire.testng.TestNGProvider.invoke(TestNGProvider.java:113)
	at org.apache.maven.surefire.booter.ForkedBooter.runSuitesInProcess(ForkedBooter.java:385)
	at org.apache.maven.surefire.booter.ForkedBooter.execute(ForkedBooter.java:162)
	at org.apache.maven.surefire.booter.ForkedBooter.run(ForkedBooter.java:507)
	at org.apache.maven.surefire.booter.ForkedBooter.main(ForkedBooter.java:495)
Caused by: net.sf.cglib.core.CodeGenerationException: java.lang.reflect.InaccessibleObjectException-->Unable to make protected final java.lang.Class java.lang.ClassLoader.defineClass(java.lang.String,byte[],int,int,java.security.ProtectionDomain) throws java.lang.ClassFormatError accessible: module java.base does not "opens java.lang" to unnamed module @20c067f
	at net.sf.cglib.core.ReflectUtils.defineClass(ReflectUtils.java:464)
	at net.sf.cglib.core.AbstractClassGenerator.generate(AbstractClassGenerator.java:339)
	at net.sf.cglib.core.AbstractClassGenerator$ClassLoaderData$3.apply(AbstractClassGenerator.java:96)
	at net.sf.cglib.core.AbstractClassGenerator$ClassLoaderData$3.apply(AbstractClassGenerator.java:94)
	at net.sf.cglib.core.internal.LoadingCache$2.call(LoadingCache.java:54)
	at java.base/java.util.concurrent.FutureTask.run(FutureTask.java:264)
	at net.sf.cglib.core.internal.LoadingCache.createEntry(LoadingCache.java:61)
	at net.sf.cglib.core.internal.LoadingCache.get(LoadingCache.java:34)
	at net.sf.cglib.core.AbstractClassGenerator$ClassLoaderData.get(AbstractClassGenerator.java:119)
	at net.sf.cglib.core.AbstractClassGenerator.create(AbstractClassGenerator.java:294)
	at net.sf.cglib.core.KeyFactory$Generator.create(KeyFactory.java:221)
	at net.sf.cglib.core.KeyFactory.create(KeyFactory.java:174)
	at net.sf.cglib.core.KeyFactory.create(KeyFactory.java:153)
	at net.sf.cglib.proxy.Enhancer.<clinit>(Enhancer.java:73)
	... 39 more
Caused by: java.lang.reflect.InaccessibleObjectException: Unable to make protected final java.lang.Class java.lang.ClassLoader.defineClass(java.lang.String,byte[],int,int,java.security.ProtectionDomain) throws java.lang.ClassFormatError accessible: module java.base does not "opens java.lang" to unnamed module @20c067f
	at java.base/java.lang.reflect.AccessibleObject.checkCanSetAccessible(AccessibleObject.java:354)
	at java.base/java.lang.reflect.AccessibleObject.checkCanSetAccessible(AccessibleObject.java:297)
	at java.base/java.lang.reflect.Method.checkCanSetAccessible(Method.java:200)
	at java.base/java.lang.reflect.Method.setAccessible(Method.java:194)
	at net.sf.cglib.core.ReflectUtils$1.run(ReflectUtils.java:61)
	at java.base/java.security.AccessController.doPrivileged(AccessController.java:569)
	at net.sf.cglib.core.ReflectUtils.<clinit>(ReflectUtils.java:52)
	at net.sf.cglib.core.KeyFactory$Generator.generateClass(KeyFactory.java:243)
	at net.sf.cglib.core.DefaultGeneratorStrategy.generate(DefaultGeneratorStrategy.java:25)
	at net.sf.cglib.core.AbstractClassGenerator.generate(AbstractClassGenerator.java:332)
	... 51 more
]]></failure>
    <system-err><![CDATA[SLF4J: No SLF4J providers were found.
SLF4J: Defaulting to no-operation (NOP) logger implementation
SLF4J: See https://www.slf4j.org/codes.html#noProviders for further details.
]]></system-err>
  </testcase>
  <testcase name="FillForm[{name=Hoshol, country=Belgium, gender=Female}](1)" classname="org.mehrdad.eCommerce_tc_4_Hybrid" time="0">
    <skipped/>
  </testcase>
  <testcase name="FillForm[{name=Looshk, country=Angola, gender=Male}](2)" classname="org.mehrdad.eCommerce_tc_4_Hybrid" time="0">
    <skipped/>
  </testcase>
</testsuite>