<?xml version="1.0" encoding="UTF-8"?>
<!-- Generated by org.testng.reporters.JUnitReportReporter -->
<testsuite hostname="Mehrdads-MBP.lan" failures="0" tests="1" name="org.mehrdad.IOSBasics" time="7.088" errors="0" timestamp="2023-07-02T14:53:46 PDT" skipped="0">
  <testcase classname="org.mehrdad.IOSBasics" name="IOSBasicTest" time="7.088"/>
  <system-out/>
</testsuite> <!-- org.mehrdad.IOSBasics -->
