<?xml version="1.0" encoding="UTF-8"?>
<!-- Generated by org.testng.reporters.JUnitReportReporter -->
<testsuite hostname="Mehrdads-MBP.lan" failures="0" tests="2" name="org.mehrdad.eCommerce_tc_1" time="32.287" errors="0" timestamp="2023-07-02T14:37:15 PDT" skipped="0">
  <testcase classname="org.mehrdad.eCommerce_tc_1" name="FillForm_PositiveFlow" time="15.084"/>
  <system-out/>
  <testcase classname="org.mehrdad.eCommerce_tc_1" name="FillForm_ErrorValidation" time="17.203"/>
  <system-out/>
</testsuite> <!-- org.mehrdad.eCommerce_tc_1 -->
